<?xml version="1.0" encoding="UTF-8"?>
<!-- Generated by org.testng.reporters.JUnitXMLReporter -->
<testsuite ignored="0" hostname="LAPTOP-8TP6OQIJ" failures="0" tests="2" name="chromeTests" time="18.841" errors="0" timestamp="2024-11-11T08:23:06 IST">
  <testcase classname="TestCases.registerTestCases" name="verifyRegsiterationWithBlankData" time="3.63"/>
  <testcase classname="TestCases.registerTestCases" name="verifyRegsiterationWithValidData" time="4.776"/>
</testsuite> <!-- chromeTests -->
