<?xml version="1.0" encoding="UTF-8"?>
<!-- Generated by org.testng.reporters.JUnitXMLReporter -->
<testsuite ignored="2" hostname="LAPTOP-8TP6OQIJ" failures="0" tests="3" name="Test" time="19.878" errors="0" timestamp="2024-11-11T07:41:33 IST">
  <testcase classname="TestCases.registerTestCases" name="verifyRegsiterationWithBlankData" time="1.164"/>
  <testcase classname="TestCases.registerTestCases" name="verifyRegsiterationWithValidData" time="2.22"/>
  <testcase classname="TestCases.loginTestCases" name="verifyLoginWithValidData" time="1.401"/>
  <testcase classname="Resources.baseClass" name="@AfterSuite endReport" time="0.0">
    <ignored/>
  </testcase> <!-- @AfterSuite endReport -->
  <testcase classname="Resources.baseClass" name="@BeforeSuite ExtentReport" time="0.0">
    <ignored/>
  </testcase> <!-- @BeforeSuite ExtentReport -->
</testsuite> <!-- Test -->
