<?xml version="1.0" encoding="UTF-8"?>
<testng-results ignored="0" total="4" passed="3" failed="1" skipped="0">
  <reporter-output>
  </reporter-output>
  <suite started-at="2024-11-11T08:22:47 IST" name="Suite" finished-at="2024-11-11T08:23:13 IST" duration-ms="26690">
    <groups>
    </groups>
    <test started-at="2024-11-11T08:22:47 IST" name="chromeTests" finished-at="2024-11-11T08:23:06 IST" duration-ms="18841">
      <class name="TestCases.registerTestCases">
        <test-method is-config="true" signature="browserlaunch(java.lang.String)[pri:0, instance:TestCases.registerTestCases@4a83a74a]" started-at="2024-11-11T08:22:47 IST" name="browserlaunch" finished-at="2024-11-11T08:22:53 IST" duration-ms="5825" status="PASS">
          <params>
            <param index="0">
              <value>
                <![CDATA[chrome]]>
              </value>
            </param>
          </params>
          <reporter-output>
          </reporter-output>
        </test-method> <!-- browserlaunch -->
        <test-method signature="verifyRegsiterationWithBlankData()[pri:0, instance:TestCases.registerTestCases@4a83a74a]" started-at="2024-11-11T08:22:53 IST" name="verifyRegsiterationWithBlankData" finished-at="2024-11-11T08:22:56 IST" duration-ms="3630" status="PASS">
          <reporter-output>
          </reporter-output>
        </test-method> <!-- verifyRegsiterationWithBlankData -->
        <test-method is-config="true" signature="browserClose()[pri:0, instance:TestCases.registerTestCases@4a83a74a]" started-at="2024-11-11T08:22:56 IST" name="browserClose" finished-at="2024-11-11T08:22:56 IST" duration-ms="0" status="PASS">
          <reporter-output>
          </reporter-output>
        </test-method> <!-- browserClose -->
        <test-method is-config="true" signature="browserlaunch(java.lang.String)[pri:0, instance:TestCases.registerTestCases@4a83a74a]" started-at="2024-11-11T08:22:56 IST" name="browserlaunch" finished-at="2024-11-11T08:23:01 IST" duration-ms="4502" status="PASS">
          <params>
            <param index="0">
              <value>
                <![CDATA[chrome]]>
              </value>
            </param>
          </params>
          <reporter-output>
          </reporter-output>
        </test-method> <!-- browserlaunch -->
        <test-method signature="verifyRegsiterationWithValidData()[pri:0, instance:TestCases.registerTestCases@4a83a74a]" started-at="2024-11-11T08:23:01 IST" name="verifyRegsiterationWithValidData" finished-at="2024-11-11T08:23:06 IST" duration-ms="4776" status="PASS">
          <reporter-output>
          </reporter-output>
        </test-method> <!-- verifyRegsiterationWithValidData -->
        <test-method is-config="true" signature="browserClose()[pri:0, instance:TestCases.registerTestCases@4a83a74a]" started-at="2024-11-11T08:23:06 IST" name="browserClose" finished-at="2024-11-11T08:23:06 IST" duration-ms="1" status="PASS">
          <reporter-output>
          </reporter-output>
        </test-method> <!-- browserClose -->
      </class> <!-- TestCases.registerTestCases -->
    </test> <!-- chromeTests -->
    <test started-at="2024-11-11T08:22:47 IST" name="firefoxTests" finished-at="2024-11-11T08:23:13 IST" duration-ms="26690">
      <class name="TestCases.registerTestCases">
        <test-method is-config="true" signature="ExtentReport()[pri:0, instance:TestCases.registerTestCases@303cf2ba]" started-at="2024-11-11T08:22:46 IST" name="ExtentReport" finished-at="2024-11-11T08:22:47 IST" duration-ms="544" status="PASS">
          <reporter-output>
          </reporter-output>
        </test-method> <!-- ExtentReport -->
        <test-method is-config="true" signature="browserlaunch(java.lang.String)[pri:0, instance:TestCases.registerTestCases@303cf2ba]" started-at="2024-11-11T08:22:47 IST" name="browserlaunch" finished-at="2024-11-11T08:22:57 IST" duration-ms="9992" status="PASS">
          <params>
            <param index="0">
              <value>
                <![CDATA[fireFox]]>
              </value>
            </param>
          </params>
          <reporter-output>
          </reporter-output>
        </test-method> <!-- browserlaunch -->
        <test-method signature="verifyRegsiterationWithBlankData()[pri:0, instance:TestCases.registerTestCases@303cf2ba]" started-at="2024-11-11T08:22:57 IST" name="verifyRegsiterationWithBlankData" finished-at="2024-11-11T08:23:00 IST" duration-ms="3394" status="PASS">
          <reporter-output>
          </reporter-output>
        </test-method> <!-- verifyRegsiterationWithBlankData -->
        <test-method is-config="true" signature="browserClose()[pri:0, instance:TestCases.registerTestCases@303cf2ba]" started-at="2024-11-11T08:23:00 IST" name="browserClose" finished-at="2024-11-11T08:23:00 IST" duration-ms="0" status="PASS">
          <reporter-output>
          </reporter-output>
        </test-method> <!-- browserClose -->
        <test-method is-config="true" signature="browserlaunch(java.lang.String)[pri:0, instance:TestCases.registerTestCases@303cf2ba]" started-at="2024-11-11T08:23:00 IST" name="browserlaunch" finished-at="2024-11-11T08:23:11 IST" duration-ms="10671" status="PASS">
          <params>
            <param index="0">
              <value>
                <![CDATA[fireFox]]>
              </value>
            </param>
          </params>
          <reporter-output>
          </reporter-output>
        </test-method> <!-- browserlaunch -->
        <test-method signature="verifyRegsiterationWithValidData()[pri:0, instance:TestCases.registerTestCases@303cf2ba]" started-at="2024-11-11T08:23:11 IST" name="verifyRegsiterationWithValidData" finished-at="2024-11-11T08:23:13 IST" duration-ms="2386" status="FAIL">
          <exception class="org.openqa.selenium.NoSuchElementException">
            <message>
              <![CDATA[Unable to locate element: //h1[text()='Your Account Has Been Created!']
For documentation on this error, please visit: https://www.selenium.dev/documentation/webdriver/troubleshooting/errors#no-such-element-exception
Build info: version: '4.25.0', revision: '8a8aea2337'
System info: os.name: 'Windows 10', os.arch: 'amd64', os.version: '10.0', java.version: '15.0.1'
Driver info: org.openqa.selenium.firefox.FirefoxDriver
Command: [9db10c63-3145-4e33-90b2-4cb23b7349df, findElement {value=//h1[text()='Your Account Has Been Created!'], using=xpath}]
Capabilities {acceptInsecureCerts: true, browserName: firefox, browserVersion: 132.0.1, moz:accessibilityChecks: false, moz:buildID: 20241103194048, moz:debuggerAddress: 127.0.0.1:23333, moz:geckodriverVersion: 0.35.0, moz:headless: false, moz:platformVersion: 10.0, moz:processID: 14132, moz:profile: C:\Users\bhagy\AppData\Loca..., moz:shutdownTimeout: 60000, moz:webdriverClick: true, moz:windowless: false, pageLoadStrategy: normal, platformName: windows, proxy: Proxy(), se:cdp: ws://127.0.0.1:23333/devtoo..., se:cdpVersion: 85.0, setWindowRect: true, strictFileInteractability: false, timeouts: {implicit: 0, pageLoad: 300000, script: 30000}, unhandledPromptBehavior: dismiss and notify, userAgent: Mozilla/5.0 (Windows NT 10....}
Session ID: 9db10c63-3145-4e33-90b2-4cb23b7349df]]>
            </message>
            <full-stacktrace>
              <![CDATA[org.openqa.selenium.NoSuchElementException: Unable to locate element: //h1[text()='Your Account Has Been Created!']
For documentation on this error, please visit: https://www.selenium.dev/documentation/webdriver/troubleshooting/errors#no-such-element-exception
Build info: version: '4.25.0', revision: '8a8aea2337'
System info: os.name: 'Windows 10', os.arch: 'amd64', os.version: '10.0', java.version: '15.0.1'
Driver info: org.openqa.selenium.firefox.FirefoxDriver
Command: [9db10c63-3145-4e33-90b2-4cb23b7349df, findElement {value=//h1[text()='Your Account Has Been Created!'], using=xpath}]
Capabilities {acceptInsecureCerts: true, browserName: firefox, browserVersion: 132.0.1, moz:accessibilityChecks: false, moz:buildID: 20241103194048, moz:debuggerAddress: 127.0.0.1:23333, moz:geckodriverVersion: 0.35.0, moz:headless: false, moz:platformVersion: 10.0, moz:processID: 14132, moz:profile: C:\Users\bhagy\AppData\Loca..., moz:shutdownTimeout: 60000, moz:webdriverClick: true, moz:windowless: false, pageLoadStrategy: normal, platformName: windows, proxy: Proxy(), se:cdp: ws://127.0.0.1:23333/devtoo..., se:cdpVersion: 85.0, setWindowRect: true, strictFileInteractability: false, timeouts: {implicit: 0, pageLoad: 300000, script: 30000}, unhandledPromptBehavior: dismiss and notify, userAgent: Mozilla/5.0 (Windows NT 10....}
Session ID: 9db10c63-3145-4e33-90b2-4cb23b7349df
at java.base/jdk.internal.reflect.NativeConstructorAccessorImpl.newInstance0(Native Method)
at java.base/jdk.internal.reflect.NativeConstructorAccessorImpl.newInstance(NativeConstructorAccessorImpl.java:64)
at java.base/jdk.internal.reflect.DelegatingConstructorAccessorImpl.newInstance(DelegatingConstructorAccessorImpl.java:45)
at java.base/java.lang.reflect.Constructor.newInstanceWithCaller(Constructor.java:500)
at java.base/java.lang.reflect.Constructor.newInstance(Constructor.java:481)
at org.openqa.selenium.remote.ErrorCodec.decode(ErrorCodec.java:167)
at org.openqa.selenium.remote.codec.w3c.W3CHttpResponseCodec.decode(W3CHttpResponseCodec.java:138)
at org.openqa.selenium.remote.codec.w3c.W3CHttpResponseCodec.decode(W3CHttpResponseCodec.java:50)
at org.openqa.selenium.remote.HttpCommandExecutor.execute(HttpCommandExecutor.java:190)
at org.openqa.selenium.remote.service.DriverCommandExecutor.invokeExecute(DriverCommandExecutor.java:216)
at org.openqa.selenium.remote.service.DriverCommandExecutor.execute(DriverCommandExecutor.java:174)
at org.openqa.selenium.remote.RemoteWebDriver.execute(RemoteWebDriver.java:545)
at org.openqa.selenium.remote.ElementLocation$ElementFinder$2.findElement(ElementLocation.java:165)
at org.openqa.selenium.remote.ElementLocation.findElement(ElementLocation.java:59)
at org.openqa.selenium.remote.RemoteWebDriver.findElement(RemoteWebDriver.java:368)
at org.openqa.selenium.remote.RemoteWebDriver.findElement(RemoteWebDriver.java:362)
at pageObjectModel.RegisterPageObjects.accountCreationSuccess(RegisterPageObjects.java:85)
at TestCases.registerTestCases.verifyRegsiterationWithValidData(registerTestCases.java:46)
at java.base/jdk.internal.reflect.NativeMethodAccessorImpl.invoke0(Native Method)
at java.base/jdk.internal.reflect.NativeMethodAccessorImpl.invoke(NativeMethodAccessorImpl.java:64)
at java.base/jdk.internal.reflect.DelegatingMethodAccessorImpl.invoke(DelegatingMethodAccessorImpl.java:43)
at java.base/java.lang.reflect.Method.invoke(Method.java:564)
at org.testng.internal.invokers.MethodInvocationHelper.invokeMethod(MethodInvocationHelper.java:139)
at org.testng.internal.invokers.TestInvoker.invokeMethod(TestInvoker.java:664)
at org.testng.internal.invokers.TestInvoker.invokeTestMethod(TestInvoker.java:228)
at org.testng.internal.invokers.MethodRunner.runInSequence(MethodRunner.java:63)
at org.testng.internal.invokers.TestInvoker$MethodInvocationAgent.invoke(TestInvoker.java:961)
at org.testng.internal.invokers.TestInvoker.invokeTestMethods(TestInvoker.java:201)
at org.testng.internal.invokers.TestMethodWorker.invokeTestMethods(TestMethodWorker.java:148)
at org.testng.internal.invokers.TestMethodWorker.run(TestMethodWorker.java:128)
at java.base/java.util.ArrayList.forEach(ArrayList.java:1511)
at org.testng.TestRunner.privateRun(TestRunner.java:819)
at org.testng.TestRunner.run(TestRunner.java:619)
at org.testng.SuiteRunner.runTest(SuiteRunner.java:443)
at org.testng.SuiteRunner$SuiteWorker.run(SuiteRunner.java:481)
at org.testng.internal.thread.ThreadUtil.lambda$execute$0(ThreadUtil.java:58)
at java.base/java.util.concurrent.FutureTask.run(FutureTask.java:264)
at java.base/java.util.concurrent.ThreadPoolExecutor.runWorker(ThreadPoolExecutor.java:1130)
at java.base/java.util.concurrent.ThreadPoolExecutor$Worker.run(ThreadPoolExecutor.java:630)
at java.base/java.lang.Thread.run(Thread.java:832)
]]>
            </full-stacktrace>
          </exception> <!-- org.openqa.selenium.NoSuchElementException -->
          <reporter-output>
          </reporter-output>
        </test-method> <!-- verifyRegsiterationWithValidData -->
        <test-method is-config="true" signature="browserClose()[pri:0, instance:TestCases.registerTestCases@303cf2ba]" started-at="2024-11-11T08:23:13 IST" name="browserClose" finished-at="2024-11-11T08:23:13 IST" duration-ms="0" status="PASS">
          <reporter-output>
          </reporter-output>
        </test-method> <!-- browserClose -->
        <test-method is-config="true" signature="endReport()[pri:0, instance:TestCases.registerTestCases@303cf2ba]" started-at="2024-11-11T08:23:13 IST" name="endReport" finished-at="2024-11-11T08:23:14 IST" duration-ms="819" status="PASS">
          <reporter-output>
          </reporter-output>
        </test-method> <!-- endReport -->
      </class> <!-- TestCases.registerTestCases -->
    </test> <!-- firefoxTests -->
  </suite> <!-- Suite -->
</testng-results>
